<?xml version="1.0" encoding="UTF-8"?>
<testsuite name="com.wj.daily.array.MyArrayTest" tests="1" skipped="0" failures="0" errors="0" timestamp="2022-03-09T08:02:01" hostname="elxagv1vvp2" time="0.046">
  <properties/>
  <testcase name="name()" classname="com.wj.daily.array.MyArrayTest" time="0.046"/>
  <system-out><![CDATA[]]></system-out>
  <system-err><![CDATA[]]></system-err>
</testsuite>
